2026-01-01 12:35:12,522 ERROR ErrorsLog - NewsEventsModel.GetNewsList
System.Data.SqlClient.SqlException (0x80131904): An attempt to attach an auto-named database for file C:\Users\naikw\OneDrive\Desktop\Century Rayon\CenturySchool_X_SCANiD-master\CenturySchool_X_SCANiD-master\CenturyRayonSchool\App_Data\CenturyRayonDB.mdf failed. A database with the same name exists, or specified file cannot be opened, or it is located on UNC share.
   at System.Data.SqlClient.SqlInternalConnectionTds..ctor(DbConnectionPoolIdentity identity, SqlConnectionString connectionOptions, SqlCredential credential, Object providerInfo, String newPassword, SecureString newSecurePassword, Boolean redirectedUserInstance, SqlConnectionString userConnectionOptions, SessionData reconnectSessionData, DbConnectionPool pool, String accessToken, Boolean applyTransientFaultHandling, SqlAuthenticationProviderManager sqlAuthProviderManager)
   at System.Data.SqlClient.SqlConnectionFactory.CreateConnection(DbConnectionOptions options, DbConnectionPoolKey poolKey, Object poolGroupProviderInfo, DbConnectionPool pool, DbConnection owningConnection, DbConnectionOptions userOptions)
   at System.Data.ProviderBase.DbConnectionFactory.CreatePooledConnection(DbConnectionPool pool, DbConnection owningObject, DbConnectionOptions options, DbConnectionPoolKey poolKey, DbConnectionOptions userOptions)
   at System.Data.ProviderBase.DbConnectionPool.CreateObject(DbConnection owningObject, DbConnectionOptions userOptions, DbConnectionInternal oldConnection)
   at System.Data.ProviderBase.DbConnectionPool.UserCreateRequest(DbConnection owningObject, DbConnectionOptions userOptions, DbConnectionInternal oldConnection)
   at System.Data.ProviderBase.DbConnectionPool.TryGetConnection(DbConnection owningObject, UInt32 waitForMultipleObjectsTimeout, Boolean allowCreate, Boolean onlyOneCheckConnection, DbConnectionOptions userOptions, DbConnectionInternal& connection)
   at System.Data.ProviderBase.DbConnectionPool.TryGetConnection(DbConnection owningObject, TaskCompletionSource`1 retry, DbConnectionOptions userOptions, DbConnectionInternal& connection)
   at System.Data.ProviderBase.DbConnectionFactory.TryGetConnection(DbConnection owningConnection, TaskCompletionSource`1 retry, DbConnectionOptions userOptions, DbConnectionInternal oldConnection, DbConnectionInternal& connection)
   at System.Data.ProviderBase.DbConnectionInternal.TryOpenConnectionInternal(DbConnection outerConnection, DbConnectionFactory connectionFactory, TaskCompletionSource`1 retry, DbConnectionOptions userOptions)
   at System.Data.SqlClient.SqlConnection.TryOpenInner(TaskCompletionSource`1 retry)
   at System.Data.SqlClient.SqlConnection.TryOpen(TaskCompletionSource`1 retry)
   at System.Data.SqlClient.SqlConnection.Open()
   at CenturyRayonSchool.Model.NewsEventsModel.GetNewsList() in D:\NIRANJAN\Schools\Century School\CenturyRayonWebsite(Backup)\CenturyRayonWebsite\CenturyRayonSchool\Model\NewsEventsModel.cs:line 107
ClientConnectionId:3e79a780-7591-42f9-88c9-f8015caa797d
Error Number:15350,State:1,Class:14
2026-01-01 12:35:12,624 ERROR ErrorsLog - EventModel.GetUpCommingEventList
System.Data.SqlClient.SqlException (0x80131904): An attempt to attach an auto-named database for file C:\Users\naikw\OneDrive\Desktop\Century Rayon\CenturySchool_X_SCANiD-master\CenturySchool_X_SCANiD-master\CenturyRayonSchool\App_Data\CenturyRayonDB.mdf failed. A database with the same name exists, or specified file cannot be opened, or it is located on UNC share.
   at System.Data.ProviderBase.DbConnectionPool.TryGetConnection(DbConnection owningObject, UInt32 waitForMultipleObjectsTimeout, Boolean allowCreate, Boolean onlyOneCheckConnection, DbConnectionOptions userOptions, DbConnectionInternal& connection)
   at System.Data.ProviderBase.DbConnectionPool.TryGetConnection(DbConnection owningObject, TaskCompletionSource`1 retry, DbConnectionOptions userOptions, DbConnectionInternal& connection)
   at System.Data.ProviderBase.DbConnectionFactory.TryGetConnection(DbConnection owningConnection, TaskCompletionSource`1 retry, DbConnectionOptions userOptions, DbConnectionInternal oldConnection, DbConnectionInternal& connection)
   at System.Data.ProviderBase.DbConnectionInternal.TryOpenConnectionInternal(DbConnection outerConnection, DbConnectionFactory connectionFactory, TaskCompletionSource`1 retry, DbConnectionOptions userOptions)
   at System.Data.SqlClient.SqlConnection.TryOpenInner(TaskCompletionSource`1 retry)
   at System.Data.SqlClient.SqlConnection.TryOpen(TaskCompletionSource`1 retry)
   at System.Data.SqlClient.SqlConnection.Open()
   at CenturyRayonSchool.EventModel.GetUpCommingEventList() in D:\NIRANJAN\Schools\Century School\CenturyRayonWebsite(Backup)\CenturyRayonWebsite\CenturyRayonSchool\EventModel.cs:line 161
ClientConnectionId:3e79a780-7591-42f9-88c9-f8015caa797d
Error Number:15350,State:1,Class:14
2026-01-01 12:35:12,627 ERROR ErrorsLog - IndexPageModel.getTodayBirthday
System.Data.SqlClient.SqlException (0x80131904): An attempt to attach an auto-named database for file C:\Users\naikw\OneDrive\Desktop\Century Rayon\CenturySchool_X_SCANiD-master\CenturySchool_X_SCANiD-master\CenturyRayonSchool\App_Data\CenturyRayonDB.mdf failed. A database with the same name exists, or specified file cannot be opened, or it is located on UNC share.
   at System.Data.ProviderBase.DbConnectionPool.TryGetConnection(DbConnection owningObject, UInt32 waitForMultipleObjectsTimeout, Boolean allowCreate, Boolean onlyOneCheckConnection, DbConnectionOptions userOptions, DbConnectionInternal& connection)
   at System.Data.ProviderBase.DbConnectionPool.TryGetConnection(DbConnection owningObject, TaskCompletionSource`1 retry, DbConnectionOptions userOptions, DbConnectionInternal& connection)
   at System.Data.ProviderBase.DbConnectionFactory.TryGetConnection(DbConnection owningConnection, TaskCompletionSource`1 retry, DbConnectionOptions userOptions, DbConnectionInternal oldConnection, DbConnectionInternal& connection)
   at System.Data.ProviderBase.DbConnectionInternal.TryOpenConnectionInternal(DbConnection outerConnection, DbConnectionFactory connectionFactory, TaskCompletionSource`1 retry, DbConnectionOptions userOptions)
   at System.Data.SqlClient.SqlConnection.TryOpenInner(TaskCompletionSource`1 retry)
   at System.Data.SqlClient.SqlConnection.TryOpen(TaskCompletionSource`1 retry)
   at System.Data.SqlClient.SqlConnection.Open()
   at CenturyRayonSchool.Model.IndexPageModel.getTodayBirthday() in D:\NIRANJAN\Schools\Century School\CenturyRayonWebsite(Backup)\CenturyRayonWebsite\CenturyRayonSchool\Model\IndexPageModel.cs:line 19
ClientConnectionId:3e79a780-7591-42f9-88c9-f8015caa797d
Error Number:15350,State:1,Class:14
2026-01-01 12:37:45,078 ERROR ErrorsLog - NewsEventsModel.GetNewsList
System.Data.SqlClient.SqlException (0x80131904): An attempt to attach an auto-named database for file C:\Users\naikw\OneDrive\Desktop\Century Rayon\CenturySchool_X_SCANiD-master\CenturySchool_X_SCANiD-master\CenturyRayonSchool\App_Data\CenturyRayonDB.mdf failed. A database with the same name exists, or specified file cannot be opened, or it is located on UNC share.
   at System.Data.SqlClient.SqlInternalConnectionTds..ctor(DbConnectionPoolIdentity identity, SqlConnectionString connectionOptions, SqlCredential credential, Object providerInfo, String newPassword, SecureString newSecurePassword, Boolean redirectedUserInstance, SqlConnectionString userConnectionOptions, SessionData reconnectSessionData, DbConnectionPool pool, String accessToken, Boolean applyTransientFaultHandling, SqlAuthenticationProviderManager sqlAuthProviderManager)
   at System.Data.SqlClient.SqlConnectionFactory.CreateConnection(DbConnectionOptions options, DbConnectionPoolKey poolKey, Object poolGroupProviderInfo, DbConnectionPool pool, DbConnection owningConnection, DbConnectionOptions userOptions)
   at System.Data.ProviderBase.DbConnectionFactory.CreatePooledConnection(DbConnectionPool pool, DbConnection owningObject, DbConnectionOptions options, DbConnectionPoolKey poolKey, DbConnectionOptions userOptions)
   at System.Data.ProviderBase.DbConnectionPool.CreateObject(DbConnection owningObject, DbConnectionOptions userOptions, DbConnectionInternal oldConnection)
   at System.Data.ProviderBase.DbConnectionPool.UserCreateRequest(DbConnection owningObject, DbConnectionOptions userOptions, DbConnectionInternal oldConnection)
   at System.Data.ProviderBase.DbConnectionPool.TryGetConnection(DbConnection owningObject, UInt32 waitForMultipleObjectsTimeout, Boolean allowCreate, Boolean onlyOneCheckConnection, DbConnectionOptions userOptions, DbConnectionInternal& connection)
   at System.Data.ProviderBase.DbConnectionPool.TryGetConnection(DbConnection owningObject, TaskCompletionSource`1 retry, DbConnectionOptions userOptions, DbConnectionInternal& connection)
   at System.Data.ProviderBase.DbConnectionFactory.TryGetConnection(DbConnection owningConnection, TaskCompletionSource`1 retry, DbConnectionOptions userOptions, DbConnectionInternal oldConnection, DbConnectionInternal& connection)
   at System.Data.ProviderBase.DbConnectionInternal.TryOpenConnectionInternal(DbConnection outerConnection, DbConnectionFactory connectionFactory, TaskCompletionSource`1 retry, DbConnectionOptions userOptions)
   at System.Data.SqlClient.SqlConnection.TryOpenInner(TaskCompletionSource`1 retry)
   at System.Data.SqlClient.SqlConnection.TryOpen(TaskCompletionSource`1 retry)
   at System.Data.SqlClient.SqlConnection.Open()
   at CenturyRayonSchool.Model.NewsEventsModel.GetNewsList() in D:\NIRANJAN\Schools\Century School\CenturyRayonWebsite(Backup)\CenturyRayonWebsite\CenturyRayonSchool\Model\NewsEventsModel.cs:line 107
ClientConnectionId:b3848f1e-965a-41ba-b462-a0a6e4f50647
Error Number:15350,State:1,Class:14
2026-01-01 12:39:09,785 ERROR ErrorsLog - NewsEventsModel.GetNewsList
System.Data.SqlClient.SqlException (0x80131904): An attempt to attach an auto-named database for file C:\Users\naikw\OneDrive\Desktop\Century Rayon\CenturySchool_X_SCANiD-master\CenturySchool_X_SCANiD-master\CenturyRayonSchool\App_Data\CenturyRayonDB.mdf failed. A database with the same name exists, or specified file cannot be opened, or it is located on UNC share.
   at System.Data.SqlClient.SqlInternalConnectionTds..ctor(DbConnectionPoolIdentity identity, SqlConnectionString connectionOptions, SqlCredential credential, Object providerInfo, String newPassword, SecureString newSecurePassword, Boolean redirectedUserInstance, SqlConnectionString userConnectionOptions, SessionData reconnectSessionData, DbConnectionPool pool, String accessToken, Boolean applyTransientFaultHandling, SqlAuthenticationProviderManager sqlAuthProviderManager)
   at System.Data.SqlClient.SqlConnectionFactory.CreateConnection(DbConnectionOptions options, DbConnectionPoolKey poolKey, Object poolGroupProviderInfo, DbConnectionPool pool, DbConnection owningConnection, DbConnectionOptions userOptions)
   at System.Data.ProviderBase.DbConnectionFactory.CreatePooledConnection(DbConnectionPool pool, DbConnection owningObject, DbConnectionOptions options, DbConnectionPoolKey poolKey, DbConnectionOptions userOptions)
   at System.Data.ProviderBase.DbConnectionPool.CreateObject(DbConnection owningObject, DbConnectionOptions userOptions, DbConnectionInternal oldConnection)
   at System.Data.ProviderBase.DbConnectionPool.UserCreateRequest(DbConnection owningObject, DbConnectionOptions userOptions, DbConnectionInternal oldConnection)
   at System.Data.ProviderBase.DbConnectionPool.TryGetConnection(DbConnection owningObject, UInt32 waitForMultipleObjectsTimeout, Boolean allowCreate, Boolean onlyOneCheckConnection, DbConnectionOptions userOptions, DbConnectionInternal& connection)
   at System.Data.ProviderBase.DbConnectionPool.TryGetConnection(DbConnection owningObject, TaskCompletionSource`1 retry, DbConnectionOptions userOptions, DbConnectionInternal& connection)
   at System.Data.ProviderBase.DbConnectionFactory.TryGetConnection(DbConnection owningConnection, TaskCompletionSource`1 retry, DbConnectionOptions userOptions, DbConnectionInternal oldConnection, DbConnectionInternal& connection)
   at System.Data.ProviderBase.DbConnectionInternal.TryOpenConnectionInternal(DbConnection outerConnection, DbConnectionFactory connectionFactory, TaskCompletionSource`1 retry, DbConnectionOptions userOptions)
   at System.Data.SqlClient.SqlConnection.TryOpenInner(TaskCompletionSource`1 retry)
   at System.Data.SqlClient.SqlConnection.TryOpen(TaskCompletionSource`1 retry)
   at System.Data.SqlClient.SqlConnection.Open()
   at CenturyRayonSchool.Model.NewsEventsModel.GetNewsList() in D:\NIRANJAN\Schools\Century School\CenturyRayonWebsite(Backup)\CenturyRayonWebsite\CenturyRayonSchool\Model\NewsEventsModel.cs:line 107
ClientConnectionId:7f0cf7e9-62fe-46e9-8eb6-93fc209f0c75
Error Number:15350,State:1,Class:14
2026-01-01 12:39:14,211 ERROR ErrorsLog - NewsEventsModel.GetNewsList
System.Data.SqlClient.SqlException (0x80131904): An attempt to attach an auto-named database for file C:\Users\naikw\OneDrive\Desktop\Century Rayon\CenturySchool_X_SCANiD-master\CenturySchool_X_SCANiD-master\CenturyRayonSchool\App_Data\CenturyRayonDB.mdf failed. A database with the same name exists, or specified file cannot be opened, or it is located on UNC share.
   at System.Data.ProviderBase.DbConnectionPool.TryGetConnection(DbConnection owningObject, UInt32 waitForMultipleObjectsTimeout, Boolean allowCreate, Boolean onlyOneCheckConnection, DbConnectionOptions userOptions, DbConnectionInternal& connection)
   at System.Data.ProviderBase.DbConnectionPool.TryGetConnection(DbConnection owningObject, TaskCompletionSource`1 retry, DbConnectionOptions userOptions, DbConnectionInternal& connection)
   at System.Data.ProviderBase.DbConnectionFactory.TryGetConnection(DbConnection owningConnection, TaskCompletionSource`1 retry, DbConnectionOptions userOptions, DbConnectionInternal oldConnection, DbConnectionInternal& connection)
   at System.Data.ProviderBase.DbConnectionInternal.TryOpenConnectionInternal(DbConnection outerConnection, DbConnectionFactory connectionFactory, TaskCompletionSource`1 retry, DbConnectionOptions userOptions)
   at System.Data.SqlClient.SqlConnection.TryOpenInner(TaskCompletionSource`1 retry)
   at System.Data.SqlClient.SqlConnection.TryOpen(TaskCompletionSource`1 retry)
   at System.Data.SqlClient.SqlConnection.Open()
   at CenturyRayonSchool.Model.NewsEventsModel.GetNewsList() in D:\NIRANJAN\Schools\Century School\CenturyRayonWebsite(Backup)\CenturyRayonWebsite\CenturyRayonSchool\Model\NewsEventsModel.cs:line 107
ClientConnectionId:7f0cf7e9-62fe-46e9-8eb6-93fc209f0c75
Error Number:15350,State:1,Class:14
2026-01-01 12:45:56,537 ERROR ErrorsLog - NewsEventsModel.GetNewsList
System.Data.SqlClient.SqlException (0x80131904): An attempt to attach an auto-named database for file C:\Users\naikw\OneDrive\Desktop\Century Rayon\CenturySchool_X_SCANiD-master\CenturySchool_X_SCANiD-master\CenturyRayonSchool\App_Data\CenturyRayonDB.mdf failed. A database with the same name exists, or specified file cannot be opened, or it is located on UNC share.
   at System.Data.SqlClient.SqlInternalConnectionTds..ctor(DbConnectionPoolIdentity identity, SqlConnectionString connectionOptions, SqlCredential credential, Object providerInfo, String newPassword, SecureString newSecurePassword, Boolean redirectedUserInstance, SqlConnectionString userConnectionOptions, SessionData reconnectSessionData, DbConnectionPool pool, String accessToken, Boolean applyTransientFaultHandling, SqlAuthenticationProviderManager sqlAuthProviderManager)
   at System.Data.SqlClient.SqlConnectionFactory.CreateConnection(DbConnectionOptions options, DbConnectionPoolKey poolKey, Object poolGroupProviderInfo, DbConnectionPool pool, DbConnection owningConnection, DbConnectionOptions userOptions)
   at System.Data.ProviderBase.DbConnectionFactory.CreatePooledConnection(DbConnectionPool pool, DbConnection owningObject, DbConnectionOptions options, DbConnectionPoolKey poolKey, DbConnectionOptions userOptions)
   at System.Data.ProviderBase.DbConnectionPool.CreateObject(DbConnection owningObject, DbConnectionOptions userOptions, DbConnectionInternal oldConnection)
   at System.Data.ProviderBase.DbConnectionPool.UserCreateRequest(DbConnection owningObject, DbConnectionOptions userOptions, DbConnectionInternal oldConnection)
   at System.Data.ProviderBase.DbConnectionPool.TryGetConnection(DbConnection owningObject, UInt32 waitForMultipleObjectsTimeout, Boolean allowCreate, Boolean onlyOneCheckConnection, DbConnectionOptions userOptions, DbConnectionInternal& connection)
   at System.Data.ProviderBase.DbConnectionPool.TryGetConnection(DbConnection owningObject, TaskCompletionSource`1 retry, DbConnectionOptions userOptions, DbConnectionInternal& connection)
   at System.Data.ProviderBase.DbConnectionFactory.TryGetConnection(DbConnection owningConnection, TaskCompletionSource`1 retry, DbConnectionOptions userOptions, DbConnectionInternal oldConnection, DbConnectionInternal& connection)
   at System.Data.ProviderBase.DbConnectionInternal.TryOpenConnectionInternal(DbConnection outerConnection, DbConnectionFactory connectionFactory, TaskCompletionSource`1 retry, DbConnectionOptions userOptions)
   at System.Data.SqlClient.SqlConnection.TryOpenInner(TaskCompletionSource`1 retry)
   at System.Data.SqlClient.SqlConnection.TryOpen(TaskCompletionSource`1 retry)
   at System.Data.SqlClient.SqlConnection.Open()
   at CenturyRayonSchool.Model.NewsEventsModel.GetNewsList() in D:\NIRANJAN\Schools\Century School\CenturyRayonWebsite(Backup)\CenturyRayonWebsite\CenturyRayonSchool\Model\NewsEventsModel.cs:line 107
ClientConnectionId:ddbc10f1-ef63-4bb9-bea3-7f64583b55e1
Error Number:15350,State:1,Class:14
2026-01-01 12:45:56,650 ERROR ErrorsLog - EventModel.GetUpCommingEventList
System.Data.SqlClient.SqlException (0x80131904): An attempt to attach an auto-named database for file C:\Users\naikw\OneDrive\Desktop\Century Rayon\CenturySchool_X_SCANiD-master\CenturySchool_X_SCANiD-master\CenturyRayonSchool\App_Data\CenturyRayonDB.mdf failed. A database with the same name exists, or specified file cannot be opened, or it is located on UNC share.
   at System.Data.ProviderBase.DbConnectionPool.TryGetConnection(DbConnection owningObject, UInt32 waitForMultipleObjectsTimeout, Boolean allowCreate, Boolean onlyOneCheckConnection, DbConnectionOptions userOptions, DbConnectionInternal& connection)
   at System.Data.ProviderBase.DbConnectionPool.TryGetConnection(DbConnection owningObject, TaskCompletionSource`1 retry, DbConnectionOptions userOptions, DbConnectionInternal& connection)
   at System.Data.ProviderBase.DbConnectionFactory.TryGetConnection(DbConnection owningConnection, TaskCompletionSource`1 retry, DbConnectionOptions userOptions, DbConnectionInternal oldConnection, DbConnectionInternal& connection)
   at System.Data.ProviderBase.DbConnectionInternal.TryOpenConnectionInternal(DbConnection outerConnection, DbConnectionFactory connectionFactory, TaskCompletionSource`1 retry, DbConnectionOptions userOptions)
   at System.Data.SqlClient.SqlConnection.TryOpenInner(TaskCompletionSource`1 retry)
   at System.Data.SqlClient.SqlConnection.TryOpen(TaskCompletionSource`1 retry)
   at System.Data.SqlClient.SqlConnection.Open()
   at CenturyRayonSchool.EventModel.GetUpCommingEventList() in D:\NIRANJAN\Schools\Century School\CenturyRayonWebsite(Backup)\CenturyRayonWebsite\CenturyRayonSchool\EventModel.cs:line 161
ClientConnectionId:ddbc10f1-ef63-4bb9-bea3-7f64583b55e1
Error Number:15350,State:1,Class:14
2026-01-01 12:45:56,653 ERROR ErrorsLog - IndexPageModel.getTodayBirthday
System.Data.SqlClient.SqlException (0x80131904): An attempt to attach an auto-named database for file C:\Users\naikw\OneDrive\Desktop\Century Rayon\CenturySchool_X_SCANiD-master\CenturySchool_X_SCANiD-master\CenturyRayonSchool\App_Data\CenturyRayonDB.mdf failed. A database with the same name exists, or specified file cannot be opened, or it is located on UNC share.
   at System.Data.ProviderBase.DbConnectionPool.TryGetConnection(DbConnection owningObject, UInt32 waitForMultipleObjectsTimeout, Boolean allowCreate, Boolean onlyOneCheckConnection, DbConnectionOptions userOptions, DbConnectionInternal& connection)
   at System.Data.ProviderBase.DbConnectionPool.TryGetConnection(DbConnection owningObject, TaskCompletionSource`1 retry, DbConnectionOptions userOptions, DbConnectionInternal& connection)
   at System.Data.ProviderBase.DbConnectionFactory.TryGetConnection(DbConnection owningConnection, TaskCompletionSource`1 retry, DbConnectionOptions userOptions, DbConnectionInternal oldConnection, DbConnectionInternal& connection)
   at System.Data.ProviderBase.DbConnectionInternal.TryOpenConnectionInternal(DbConnection outerConnection, DbConnectionFactory connectionFactory, TaskCompletionSource`1 retry, DbConnectionOptions userOptions)
   at System.Data.SqlClient.SqlConnection.TryOpenInner(TaskCompletionSource`1 retry)
   at System.Data.SqlClient.SqlConnection.TryOpen(TaskCompletionSource`1 retry)
   at System.Data.SqlClient.SqlConnection.Open()
   at CenturyRayonSchool.Model.IndexPageModel.getTodayBirthday() in D:\NIRANJAN\Schools\Century School\CenturyRayonWebsite(Backup)\CenturyRayonWebsite\CenturyRayonSchool\Model\IndexPageModel.cs:line 19
ClientConnectionId:ddbc10f1-ef63-4bb9-bea3-7f64583b55e1
Error Number:15350,State:1,Class:14
2026-01-01 12:48:04,470 ERROR ErrorsLog - NewsEventsModel.GetNewsList
System.Data.SqlClient.SqlException (0x80131904): An attempt to attach an auto-named database for file C:\Users\naikw\OneDrive\Desktop\Century Rayon\CenturySchool_X_SCANiD-master\CenturySchool_X_SCANiD-master\CenturyRayonSchool\App_Data\CenturyRayonDB.mdf failed. A database with the same name exists, or specified file cannot be opened, or it is located on UNC share.
   at System.Data.SqlClient.SqlInternalConnectionTds..ctor(DbConnectionPoolIdentity identity, SqlConnectionString connectionOptions, SqlCredential credential, Object providerInfo, String newPassword, SecureString newSecurePassword, Boolean redirectedUserInstance, SqlConnectionString userConnectionOptions, SessionData reconnectSessionData, DbConnectionPool pool, String accessToken, Boolean applyTransientFaultHandling, SqlAuthenticationProviderManager sqlAuthProviderManager)
   at System.Data.SqlClient.SqlConnectionFactory.CreateConnection(DbConnectionOptions options, DbConnectionPoolKey poolKey, Object poolGroupProviderInfo, DbConnectionPool pool, DbConnection owningConnection, DbConnectionOptions userOptions)
   at System.Data.ProviderBase.DbConnectionFactory.CreatePooledConnection(DbConnectionPool pool, DbConnection owningObject, DbConnectionOptions options, DbConnectionPoolKey poolKey, DbConnectionOptions userOptions)
   at System.Data.ProviderBase.DbConnectionPool.CreateObject(DbConnection owningObject, DbConnectionOptions userOptions, DbConnectionInternal oldConnection)
   at System.Data.ProviderBase.DbConnectionPool.UserCreateRequest(DbConnection owningObject, DbConnectionOptions userOptions, DbConnectionInternal oldConnection)
   at System.Data.ProviderBase.DbConnectionPool.TryGetConnection(DbConnection owningObject, UInt32 waitForMultipleObjectsTimeout, Boolean allowCreate, Boolean onlyOneCheckConnection, DbConnectionOptions userOptions, DbConnectionInternal& connection)
   at System.Data.ProviderBase.DbConnectionPool.TryGetConnection(DbConnection owningObject, TaskCompletionSource`1 retry, DbConnectionOptions userOptions, DbConnectionInternal& connection)
   at System.Data.ProviderBase.DbConnectionFactory.TryGetConnection(DbConnection owningConnection, TaskCompletionSource`1 retry, DbConnectionOptions userOptions, DbConnectionInternal oldConnection, DbConnectionInternal& connection)
   at System.Data.ProviderBase.DbConnectionInternal.TryOpenConnectionInternal(DbConnection outerConnection, DbConnectionFactory connectionFactory, TaskCompletionSource`1 retry, DbConnectionOptions userOptions)
   at System.Data.SqlClient.SqlConnection.TryOpenInner(TaskCompletionSource`1 retry)
   at System.Data.SqlClient.SqlConnection.TryOpen(TaskCompletionSource`1 retry)
   at System.Data.SqlClient.SqlConnection.Open()
   at CenturyRayonSchool.Model.NewsEventsModel.GetNewsList() in D:\NIRANJAN\Schools\Century School\CenturyRayonWebsite(Backup)\CenturyRayonWebsite\CenturyRayonSchool\Model\NewsEventsModel.cs:line 107
ClientConnectionId:f2c99499-60c9-456d-99af-a1a744d523bd
Error Number:15350,State:1,Class:14
2026-01-01 12:48:04,471 ERROR ErrorsLog - EventModel.GetUpCommingEventList
System.Data.SqlClient.SqlException (0x80131904): An attempt to attach an auto-named database for file C:\Users\naikw\OneDrive\Desktop\Century Rayon\CenturySchool_X_SCANiD-master\CenturySchool_X_SCANiD-master\CenturyRayonSchool\App_Data\CenturyRayonDB.mdf failed. A database with the same name exists, or specified file cannot be opened, or it is located on UNC share.
   at System.Data.ProviderBase.DbConnectionPool.TryGetConnection(DbConnection owningObject, UInt32 waitForMultipleObjectsTimeout, Boolean allowCreate, Boolean onlyOneCheckConnection, DbConnectionOptions userOptions, DbConnectionInternal& connection)
   at System.Data.ProviderBase.DbConnectionPool.TryGetConnection(DbConnection owningObject, TaskCompletionSource`1 retry, DbConnectionOptions userOptions, DbConnectionInternal& connection)
   at System.Data.ProviderBase.DbConnectionFactory.TryGetConnection(DbConnection owningConnection, TaskCompletionSource`1 retry, DbConnectionOptions userOptions, DbConnectionInternal oldConnection, DbConnectionInternal& connection)
   at System.Data.ProviderBase.DbConnectionInternal.TryOpenConnectionInternal(DbConnection outerConnection, DbConnectionFactory connectionFactory, TaskCompletionSource`1 retry, DbConnectionOptions userOptions)
   at System.Data.SqlClient.SqlConnection.TryOpenInner(TaskCompletionSource`1 retry)
   at System.Data.SqlClient.SqlConnection.TryOpen(TaskCompletionSource`1 retry)
   at System.Data.SqlClient.SqlConnection.Open()
   at CenturyRayonSchool.EventModel.GetUpCommingEventList() in D:\NIRANJAN\Schools\Century School\CenturyRayonWebsite(Backup)\CenturyRayonWebsite\CenturyRayonSchool\EventModel.cs:line 161
ClientConnectionId:f2c99499-60c9-456d-99af-a1a744d523bd
Error Number:15350,State:1,Class:14
2026-01-01 12:48:04,472 ERROR ErrorsLog - IndexPageModel.getTodayBirthday
System.Data.SqlClient.SqlException (0x80131904): An attempt to attach an auto-named database for file C:\Users\naikw\OneDrive\Desktop\Century Rayon\CenturySchool_X_SCANiD-master\CenturySchool_X_SCANiD-master\CenturyRayonSchool\App_Data\CenturyRayonDB.mdf failed. A database with the same name exists, or specified file cannot be opened, or it is located on UNC share.
   at System.Data.ProviderBase.DbConnectionPool.TryGetConnection(DbConnection owningObject, UInt32 waitForMultipleObjectsTimeout, Boolean allowCreate, Boolean onlyOneCheckConnection, DbConnectionOptions userOptions, DbConnectionInternal& connection)
   at System.Data.ProviderBase.DbConnectionPool.TryGetConnection(DbConnection owningObject, TaskCompletionSource`1 retry, DbConnectionOptions userOptions, DbConnectionInternal& connection)
   at System.Data.ProviderBase.DbConnectionFactory.TryGetConnection(DbConnection owningConnection, TaskCompletionSource`1 retry, DbConnectionOptions userOptions, DbConnectionInternal oldConnection, DbConnectionInternal& connection)
   at System.Data.ProviderBase.DbConnectionInternal.TryOpenConnectionInternal(DbConnection outerConnection, DbConnectionFactory connectionFactory, TaskCompletionSource`1 retry, DbConnectionOptions userOptions)
   at System.Data.SqlClient.SqlConnection.TryOpenInner(TaskCompletionSource`1 retry)
   at System.Data.SqlClient.SqlConnection.TryOpen(TaskCompletionSource`1 retry)
   at System.Data.SqlClient.SqlConnection.Open()
   at CenturyRayonSchool.Model.IndexPageModel.getTodayBirthday() in D:\NIRANJAN\Schools\Century School\CenturyRayonWebsite(Backup)\CenturyRayonWebsite\CenturyRayonSchool\Model\IndexPageModel.cs:line 19
ClientConnectionId:f2c99499-60c9-456d-99af-a1a744d523bd
Error Number:15350,State:1,Class:14
2026-01-01 12:51:15,222 ERROR ErrorsLog - NewsEventsModel.GetNewsList
System.Data.SqlClient.SqlException (0x80131904): An attempt to attach an auto-named database for file C:\Users\naikw\OneDrive\Desktop\Century Rayon\CenturySchool_X_SCANiD-master\CenturySchool_X_SCANiD-master\CenturyRayonSchool\App_Data\CenturyRayonDB.mdf failed. A database with the same name exists, or specified file cannot be opened, or it is located on UNC share.
   at System.Data.SqlClient.SqlInternalConnectionTds..ctor(DbConnectionPoolIdentity identity, SqlConnectionString connectionOptions, SqlCredential credential, Object providerInfo, String newPassword, SecureString newSecurePassword, Boolean redirectedUserInstance, SqlConnectionString userConnectionOptions, SessionData reconnectSessionData, DbConnectionPool pool, String accessToken, Boolean applyTransientFaultHandling, SqlAuthenticationProviderManager sqlAuthProviderManager)
   at System.Data.SqlClient.SqlConnectionFactory.CreateConnection(DbConnectionOptions options, DbConnectionPoolKey poolKey, Object poolGroupProviderInfo, DbConnectionPool pool, DbConnection owningConnection, DbConnectionOptions userOptions)
   at System.Data.ProviderBase.DbConnectionFactory.CreatePooledConnection(DbConnectionPool pool, DbConnection owningObject, DbConnectionOptions options, DbConnectionPoolKey poolKey, DbConnectionOptions userOptions)
   at System.Data.ProviderBase.DbConnectionPool.CreateObject(DbConnection owningObject, DbConnectionOptions userOptions, DbConnectionInternal oldConnection)
   at System.Data.ProviderBase.DbConnectionPool.UserCreateRequest(DbConnection owningObject, DbConnectionOptions userOptions, DbConnectionInternal oldConnection)
   at System.Data.ProviderBase.DbConnectionPool.TryGetConnection(DbConnection owningObject, UInt32 waitForMultipleObjectsTimeout, Boolean allowCreate, Boolean onlyOneCheckConnection, DbConnectionOptions userOptions, DbConnectionInternal& connection)
   at System.Data.ProviderBase.DbConnectionPool.TryGetConnection(DbConnection owningObject, TaskCompletionSource`1 retry, DbConnectionOptions userOptions, DbConnectionInternal& connection)
   at System.Data.ProviderBase.DbConnectionFactory.TryGetConnection(DbConnection owningConnection, TaskCompletionSource`1 retry, DbConnectionOptions userOptions, DbConnectionInternal oldConnection, DbConnectionInternal& connection)
   at System.Data.ProviderBase.DbConnectionInternal.TryOpenConnectionInternal(DbConnection outerConnection, DbConnectionFactory connectionFactory, TaskCompletionSource`1 retry, DbConnectionOptions userOptions)
   at System.Data.SqlClient.SqlConnection.TryOpenInner(TaskCompletionSource`1 retry)
   at System.Data.SqlClient.SqlConnection.TryOpen(TaskCompletionSource`1 retry)
   at System.Data.SqlClient.SqlConnection.Open()
   at CenturyRayonSchool.Model.NewsEventsModel.GetNewsList() in D:\NIRANJAN\Schools\Century School\CenturyRayonWebsite(Backup)\CenturyRayonWebsite\CenturyRayonSchool\Model\NewsEventsModel.cs:line 107
ClientConnectionId:76dc759e-1b9a-4c7a-8adb-13416d8161a1
Error Number:15350,State:1,Class:14
2026-01-01 12:51:15,223 ERROR ErrorsLog - EventModel.GetUpCommingEventList
System.Data.SqlClient.SqlException (0x80131904): An attempt to attach an auto-named database for file C:\Users\naikw\OneDrive\Desktop\Century Rayon\CenturySchool_X_SCANiD-master\CenturySchool_X_SCANiD-master\CenturyRayonSchool\App_Data\CenturyRayonDB.mdf failed. A database with the same name exists, or specified file cannot be opened, or it is located on UNC share.
   at System.Data.ProviderBase.DbConnectionPool.TryGetConnection(DbConnection owningObject, UInt32 waitForMultipleObjectsTimeout, Boolean allowCreate, Boolean onlyOneCheckConnection, DbConnectionOptions userOptions, DbConnectionInternal& connection)
   at System.Data.ProviderBase.DbConnectionPool.TryGetConnection(DbConnection owningObject, TaskCompletionSource`1 retry, DbConnectionOptions userOptions, DbConnectionInternal& connection)
   at System.Data.ProviderBase.DbConnectionFactory.TryGetConnection(DbConnection owningConnection, TaskCompletionSource`1 retry, DbConnectionOptions userOptions, DbConnectionInternal oldConnection, DbConnectionInternal& connection)
   at System.Data.ProviderBase.DbConnectionInternal.TryOpenConnectionInternal(DbConnection outerConnection, DbConnectionFactory connectionFactory, TaskCompletionSource`1 retry, DbConnectionOptions userOptions)
   at System.Data.SqlClient.SqlConnection.TryOpenInner(TaskCompletionSource`1 retry)
   at System.Data.SqlClient.SqlConnection.TryOpen(TaskCompletionSource`1 retry)
   at System.Data.SqlClient.SqlConnection.Open()
   at CenturyRayonSchool.EventModel.GetUpCommingEventList() in D:\NIRANJAN\Schools\Century School\CenturyRayonWebsite(Backup)\CenturyRayonWebsite\CenturyRayonSchool\EventModel.cs:line 161
ClientConnectionId:76dc759e-1b9a-4c7a-8adb-13416d8161a1
Error Number:15350,State:1,Class:14
2026-01-01 12:51:15,225 ERROR ErrorsLog - IndexPageModel.getTodayBirthday
System.Data.SqlClient.SqlException (0x80131904): An attempt to attach an auto-named database for file C:\Users\naikw\OneDrive\Desktop\Century Rayon\CenturySchool_X_SCANiD-master\CenturySchool_X_SCANiD-master\CenturyRayonSchool\App_Data\CenturyRayonDB.mdf failed. A database with the same name exists, or specified file cannot be opened, or it is located on UNC share.
   at System.Data.ProviderBase.DbConnectionPool.TryGetConnection(DbConnection owningObject, UInt32 waitForMultipleObjectsTimeout, Boolean allowCreate, Boolean onlyOneCheckConnection, DbConnectionOptions userOptions, DbConnectionInternal& connection)
   at System.Data.ProviderBase.DbConnectionPool.TryGetConnection(DbConnection owningObject, TaskCompletionSource`1 retry, DbConnectionOptions userOptions, DbConnectionInternal& connection)
   at System.Data.ProviderBase.DbConnectionFactory.TryGetConnection(DbConnection owningConnection, TaskCompletionSource`1 retry, DbConnectionOptions userOptions, DbConnectionInternal oldConnection, DbConnectionInternal& connection)
   at System.Data.ProviderBase.DbConnectionInternal.TryOpenConnectionInternal(DbConnection outerConnection, DbConnectionFactory connectionFactory, TaskCompletionSource`1 retry, DbConnectionOptions userOptions)
   at System.Data.SqlClient.SqlConnection.TryOpenInner(TaskCompletionSource`1 retry)
   at System.Data.SqlClient.SqlConnection.TryOpen(TaskCompletionSource`1 retry)
   at System.Data.SqlClient.SqlConnection.Open()
   at CenturyRayonSchool.Model.IndexPageModel.getTodayBirthday() in D:\NIRANJAN\Schools\Century School\CenturyRayonWebsite(Backup)\CenturyRayonWebsite\CenturyRayonSchool\Model\IndexPageModel.cs:line 19
ClientConnectionId:76dc759e-1b9a-4c7a-8adb-13416d8161a1
Error Number:15350,State:1,Class:14
2026-01-01 12:53:46,841 ERROR ErrorsLog - NewsEventsModel.GetNewsList
System.Data.SqlClient.SqlException (0x80131904): An attempt to attach an auto-named database for file C:\Users\naikw\OneDrive\Desktop\Century Rayon\CenturySchool_X_SCANiD-master\CenturySchool_X_SCANiD-master\CenturyRayonSchool\App_Data\CenturyRayonDB.mdf failed. A database with the same name exists, or specified file cannot be opened, or it is located on UNC share.
   at System.Data.SqlClient.SqlInternalConnectionTds..ctor(DbConnectionPoolIdentity identity, SqlConnectionString connectionOptions, SqlCredential credential, Object providerInfo, String newPassword, SecureString newSecurePassword, Boolean redirectedUserInstance, SqlConnectionString userConnectionOptions, SessionData reconnectSessionData, DbConnectionPool pool, String accessToken, Boolean applyTransientFaultHandling, SqlAuthenticationProviderManager sqlAuthProviderManager)
   at System.Data.SqlClient.SqlConnectionFactory.CreateConnection(DbConnectionOptions options, DbConnectionPoolKey poolKey, Object poolGroupProviderInfo, DbConnectionPool pool, DbConnection owningConnection, DbConnectionOptions userOptions)
   at System.Data.ProviderBase.DbConnectionFactory.CreatePooledConnection(DbConnectionPool pool, DbConnection owningObject, DbConnectionOptions options, DbConnectionPoolKey poolKey, DbConnectionOptions userOptions)
   at System.Data.ProviderBase.DbConnectionPool.CreateObject(DbConnection owningObject, DbConnectionOptions userOptions, DbConnectionInternal oldConnection)
   at System.Data.ProviderBase.DbConnectionPool.UserCreateRequest(DbConnection owningObject, DbConnectionOptions userOptions, DbConnectionInternal oldConnection)
   at System.Data.ProviderBase.DbConnectionPool.TryGetConnection(DbConnection owningObject, UInt32 waitForMultipleObjectsTimeout, Boolean allowCreate, Boolean onlyOneCheckConnection, DbConnectionOptions userOptions, DbConnectionInternal& connection)
   at System.Data.ProviderBase.DbConnectionPool.TryGetConnection(DbConnection owningObject, TaskCompletionSource`1 retry, DbConnectionOptions userOptions, DbConnectionInternal& connection)
   at System.Data.ProviderBase.DbConnectionFactory.TryGetConnection(DbConnection owningConnection, TaskCompletionSource`1 retry, DbConnectionOptions userOptions, DbConnectionInternal oldConnection, DbConnectionInternal& connection)
   at System.Data.ProviderBase.DbConnectionInternal.TryOpenConnectionInternal(DbConnection outerConnection, DbConnectionFactory connectionFactory, TaskCompletionSource`1 retry, DbConnectionOptions userOptions)
   at System.Data.SqlClient.SqlConnection.TryOpenInner(TaskCompletionSource`1 retry)
   at System.Data.SqlClient.SqlConnection.TryOpen(TaskCompletionSource`1 retry)
   at System.Data.SqlClient.SqlConnection.Open()
   at CenturyRayonSchool.Model.NewsEventsModel.GetNewsList() in D:\NIRANJAN\Schools\Century School\CenturyRayonWebsite(Backup)\CenturyRayonWebsite\CenturyRayonSchool\Model\NewsEventsModel.cs:line 107
ClientConnectionId:732acfaf-d7bc-4e3e-92a9-8e3e08afc324
Error Number:15350,State:1,Class:14
2026-01-01 12:53:46,843 ERROR ErrorsLog - EventModel.GetUpCommingEventList
System.Data.SqlClient.SqlException (0x80131904): An attempt to attach an auto-named database for file C:\Users\naikw\OneDrive\Desktop\Century Rayon\CenturySchool_X_SCANiD-master\CenturySchool_X_SCANiD-master\CenturyRayonSchool\App_Data\CenturyRayonDB.mdf failed. A database with the same name exists, or specified file cannot be opened, or it is located on UNC share.
   at System.Data.ProviderBase.DbConnectionPool.TryGetConnection(DbConnection owningObject, UInt32 waitForMultipleObjectsTimeout, Boolean allowCreate, Boolean onlyOneCheckConnection, DbConnectionOptions userOptions, DbConnectionInternal& connection)
   at System.Data.ProviderBase.DbConnectionPool.TryGetConnection(DbConnection owningObject, TaskCompletionSource`1 retry, DbConnectionOptions userOptions, DbConnectionInternal& connection)
   at System.Data.ProviderBase.DbConnectionFactory.TryGetConnection(DbConnection owningConnection, TaskCompletionSource`1 retry, DbConnectionOptions userOptions, DbConnectionInternal oldConnection, DbConnectionInternal& connection)
   at System.Data.ProviderBase.DbConnectionInternal.TryOpenConnectionInternal(DbConnection outerConnection, DbConnectionFactory connectionFactory, TaskCompletionSource`1 retry, DbConnectionOptions userOptions)
   at System.Data.SqlClient.SqlConnection.TryOpenInner(TaskCompletionSource`1 retry)
   at System.Data.SqlClient.SqlConnection.TryOpen(TaskCompletionSource`1 retry)
   at System.Data.SqlClient.SqlConnection.Open()
   at CenturyRayonSchool.EventModel.GetUpCommingEventList() in D:\NIRANJAN\Schools\Century School\CenturyRayonWebsite(Backup)\CenturyRayonWebsite\CenturyRayonSchool\EventModel.cs:line 161
ClientConnectionId:732acfaf-d7bc-4e3e-92a9-8e3e08afc324
Error Number:15350,State:1,Class:14
2026-01-01 12:53:46,843 ERROR ErrorsLog - IndexPageModel.getTodayBirthday
System.Data.SqlClient.SqlException (0x80131904): An attempt to attach an auto-named database for file C:\Users\naikw\OneDrive\Desktop\Century Rayon\CenturySchool_X_SCANiD-master\CenturySchool_X_SCANiD-master\CenturyRayonSchool\App_Data\CenturyRayonDB.mdf failed. A database with the same name exists, or specified file cannot be opened, or it is located on UNC share.
   at System.Data.ProviderBase.DbConnectionPool.TryGetConnection(DbConnection owningObject, UInt32 waitForMultipleObjectsTimeout, Boolean allowCreate, Boolean onlyOneCheckConnection, DbConnectionOptions userOptions, DbConnectionInternal& connection)
   at System.Data.ProviderBase.DbConnectionPool.TryGetConnection(DbConnection owningObject, TaskCompletionSource`1 retry, DbConnectionOptions userOptions, DbConnectionInternal& connection)
   at System.Data.ProviderBase.DbConnectionFactory.TryGetConnection(DbConnection owningConnection, TaskCompletionSource`1 retry, DbConnectionOptions userOptions, DbConnectionInternal oldConnection, DbConnectionInternal& connection)
   at System.Data.ProviderBase.DbConnectionInternal.TryOpenConnectionInternal(DbConnection outerConnection, DbConnectionFactory connectionFactory, TaskCompletionSource`1 retry, DbConnectionOptions userOptions)
   at System.Data.SqlClient.SqlConnection.TryOpenInner(TaskCompletionSource`1 retry)
   at System.Data.SqlClient.SqlConnection.TryOpen(TaskCompletionSource`1 retry)
   at System.Data.SqlClient.SqlConnection.Open()
   at CenturyRayonSchool.Model.IndexPageModel.getTodayBirthday() in D:\NIRANJAN\Schools\Century School\CenturyRayonWebsite(Backup)\CenturyRayonWebsite\CenturyRayonSchool\Model\IndexPageModel.cs:line 19
ClientConnectionId:732acfaf-d7bc-4e3e-92a9-8e3e08afc324
Error Number:15350,State:1,Class:14
2026-01-01 12:53:55,511 ERROR ErrorsLog - NewsEventsModel.GetNewsList
System.Data.SqlClient.SqlException (0x80131904): An attempt to attach an auto-named database for file C:\Users\naikw\OneDrive\Desktop\Century Rayon\CenturySchool_X_SCANiD-master\CenturySchool_X_SCANiD-master\CenturyRayonSchool\App_Data\CenturyRayonDB.mdf failed. A database with the same name exists, or specified file cannot be opened, or it is located on UNC share.
   at System.Data.SqlClient.SqlInternalConnectionTds..ctor(DbConnectionPoolIdentity identity, SqlConnectionString connectionOptions, SqlCredential credential, Object providerInfo, String newPassword, SecureString newSecurePassword, Boolean redirectedUserInstance, SqlConnectionString userConnectionOptions, SessionData reconnectSessionData, DbConnectionPool pool, String accessToken, Boolean applyTransientFaultHandling, SqlAuthenticationProviderManager sqlAuthProviderManager)
   at System.Data.SqlClient.SqlConnectionFactory.CreateConnection(DbConnectionOptions options, DbConnectionPoolKey poolKey, Object poolGroupProviderInfo, DbConnectionPool pool, DbConnection owningConnection, DbConnectionOptions userOptions)
   at System.Data.ProviderBase.DbConnectionFactory.CreatePooledConnection(DbConnectionPool pool, DbConnection owningObject, DbConnectionOptions options, DbConnectionPoolKey poolKey, DbConnectionOptions userOptions)
   at System.Data.ProviderBase.DbConnectionPool.CreateObject(DbConnection owningObject, DbConnectionOptions userOptions, DbConnectionInternal oldConnection)
   at System.Data.ProviderBase.DbConnectionPool.UserCreateRequest(DbConnection owningObject, DbConnectionOptions userOptions, DbConnectionInternal oldConnection)
   at System.Data.ProviderBase.DbConnectionPool.TryGetConnection(DbConnection owningObject, UInt32 waitForMultipleObjectsTimeout, Boolean allowCreate, Boolean onlyOneCheckConnection, DbConnectionOptions userOptions, DbConnectionInternal& connection)
   at System.Data.ProviderBase.DbConnectionPool.TryGetConnection(DbConnection owningObject, TaskCompletionSource`1 retry, DbConnectionOptions userOptions, DbConnectionInternal& connection)
   at System.Data.ProviderBase.DbConnectionFactory.TryGetConnection(DbConnection owningConnection, TaskCompletionSource`1 retry, DbConnectionOptions userOptions, DbConnectionInternal oldConnection, DbConnectionInternal& connection)
   at System.Data.ProviderBase.DbConnectionInternal.TryOpenConnectionInternal(DbConnection outerConnection, DbConnectionFactory connectionFactory, TaskCompletionSource`1 retry, DbConnectionOptions userOptions)
   at System.Data.SqlClient.SqlConnection.TryOpenInner(TaskCompletionSource`1 retry)
   at System.Data.SqlClient.SqlConnection.TryOpen(TaskCompletionSource`1 retry)
   at System.Data.SqlClient.SqlConnection.Open()
   at CenturyRayonSchool.Model.NewsEventsModel.GetNewsList() in D:\NIRANJAN\Schools\Century School\CenturyRayonWebsite(Backup)\CenturyRayonWebsite\CenturyRayonSchool\Model\NewsEventsModel.cs:line 107
ClientConnectionId:0520f29a-150c-4067-8fe7-26a992072254
Error Number:15350,State:1,Class:14
2026-01-01 12:53:55,512 ERROR ErrorsLog - EventModel.GetUpCommingEventList
System.Data.SqlClient.SqlException (0x80131904): An attempt to attach an auto-named database for file C:\Users\naikw\OneDrive\Desktop\Century Rayon\CenturySchool_X_SCANiD-master\CenturySchool_X_SCANiD-master\CenturyRayonSchool\App_Data\CenturyRayonDB.mdf failed. A database with the same name exists, or specified file cannot be opened, or it is located on UNC share.
   at System.Data.ProviderBase.DbConnectionPool.TryGetConnection(DbConnection owningObject, UInt32 waitForMultipleObjectsTimeout, Boolean allowCreate, Boolean onlyOneCheckConnection, DbConnectionOptions userOptions, DbConnectionInternal& connection)
   at System.Data.ProviderBase.DbConnectionPool.TryGetConnection(DbConnection owningObject, TaskCompletionSource`1 retry, DbConnectionOptions userOptions, DbConnectionInternal& connection)
   at System.Data.ProviderBase.DbConnectionFactory.TryGetConnection(DbConnection owningConnection, TaskCompletionSource`1 retry, DbConnectionOptions userOptions, DbConnectionInternal oldConnection, DbConnectionInternal& connection)
   at System.Data.ProviderBase.DbConnectionInternal.TryOpenConnectionInternal(DbConnection outerConnection, DbConnectionFactory connectionFactory, TaskCompletionSource`1 retry, DbConnectionOptions userOptions)
   at System.Data.SqlClient.SqlConnection.TryOpenInner(TaskCompletionSource`1 retry)
   at System.Data.SqlClient.SqlConnection.TryOpen(TaskCompletionSource`1 retry)
   at System.Data.SqlClient.SqlConnection.Open()
   at CenturyRayonSchool.EventModel.GetUpCommingEventList() in D:\NIRANJAN\Schools\Century School\CenturyRayonWebsite(Backup)\CenturyRayonWebsite\CenturyRayonSchool\EventModel.cs:line 161
ClientConnectionId:0520f29a-150c-4067-8fe7-26a992072254
Error Number:15350,State:1,Class:14
2026-01-01 12:53:55,512 ERROR ErrorsLog - IndexPageModel.getTodayBirthday
System.Data.SqlClient.SqlException (0x80131904): An attempt to attach an auto-named database for file C:\Users\naikw\OneDrive\Desktop\Century Rayon\CenturySchool_X_SCANiD-master\CenturySchool_X_SCANiD-master\CenturyRayonSchool\App_Data\CenturyRayonDB.mdf failed. A database with the same name exists, or specified file cannot be opened, or it is located on UNC share.
   at System.Data.ProviderBase.DbConnectionPool.TryGetConnection(DbConnection owningObject, UInt32 waitForMultipleObjectsTimeout, Boolean allowCreate, Boolean onlyOneCheckConnection, DbConnectionOptions userOptions, DbConnectionInternal& connection)
   at System.Data.ProviderBase.DbConnectionPool.TryGetConnection(DbConnection owningObject, TaskCompletionSource`1 retry, DbConnectionOptions userOptions, DbConnectionInternal& connection)
   at System.Data.ProviderBase.DbConnectionFactory.TryGetConnection(DbConnection owningConnection, TaskCompletionSource`1 retry, DbConnectionOptions userOptions, DbConnectionInternal oldConnection, DbConnectionInternal& connection)
   at System.Data.ProviderBase.DbConnectionInternal.TryOpenConnectionInternal(DbConnection outerConnection, DbConnectionFactory connectionFactory, TaskCompletionSource`1 retry, DbConnectionOptions userOptions)
   at System.Data.SqlClient.SqlConnection.TryOpenInner(TaskCompletionSource`1 retry)
   at System.Data.SqlClient.SqlConnection.TryOpen(TaskCompletionSource`1 retry)
   at System.Data.SqlClient.SqlConnection.Open()
   at CenturyRayonSchool.Model.IndexPageModel.getTodayBirthday() in D:\NIRANJAN\Schools\Century School\CenturyRayonWebsite(Backup)\CenturyRayonWebsite\CenturyRayonSchool\Model\IndexPageModel.cs:line 19
ClientConnectionId:0520f29a-150c-4067-8fe7-26a992072254
Error Number:15350,State:1,Class:14
2026-01-01 12:54:40,505 ERROR ErrorsLog - NewsEventsModel.GetNewsList
System.Data.SqlClient.SqlException (0x80131904): An attempt to attach an auto-named database for file C:\Users\naikw\OneDrive\Desktop\Century Rayon\CenturySchool_X_SCANiD-master\CenturySchool_X_SCANiD-master\CenturyRayonSchool\App_Data\CenturyRayonDB.mdf failed. A database with the same name exists, or specified file cannot be opened, or it is located on UNC share.
   at System.Data.SqlClient.SqlInternalConnectionTds..ctor(DbConnectionPoolIdentity identity, SqlConnectionString connectionOptions, SqlCredential credential, Object providerInfo, String newPassword, SecureString newSecurePassword, Boolean redirectedUserInstance, SqlConnectionString userConnectionOptions, SessionData reconnectSessionData, DbConnectionPool pool, String accessToken, Boolean applyTransientFaultHandling, SqlAuthenticationProviderManager sqlAuthProviderManager)
   at System.Data.SqlClient.SqlConnectionFactory.CreateConnection(DbConnectionOptions options, DbConnectionPoolKey poolKey, Object poolGroupProviderInfo, DbConnectionPool pool, DbConnection owningConnection, DbConnectionOptions userOptions)
   at System.Data.ProviderBase.DbConnectionFactory.CreatePooledConnection(DbConnectionPool pool, DbConnection owningObject, DbConnectionOptions options, DbConnectionPoolKey poolKey, DbConnectionOptions userOptions)
   at System.Data.ProviderBase.DbConnectionPool.CreateObject(DbConnection owningObject, DbConnectionOptions userOptions, DbConnectionInternal oldConnection)
   at System.Data.ProviderBase.DbConnectionPool.UserCreateRequest(DbConnection owningObject, DbConnectionOptions userOptions, DbConnectionInternal oldConnection)
   at System.Data.ProviderBase.DbConnectionPool.TryGetConnection(DbConnection owningObject, UInt32 waitForMultipleObjectsTimeout, Boolean allowCreate, Boolean onlyOneCheckConnection, DbConnectionOptions userOptions, DbConnectionInternal& connection)
   at System.Data.ProviderBase.DbConnectionPool.TryGetConnection(DbConnection owningObject, TaskCompletionSource`1 retry, DbConnectionOptions userOptions, DbConnectionInternal& connection)
   at System.Data.ProviderBase.DbConnectionFactory.TryGetConnection(DbConnection owningConnection, TaskCompletionSource`1 retry, DbConnectionOptions userOptions, DbConnectionInternal oldConnection, DbConnectionInternal& connection)
   at System.Data.ProviderBase.DbConnectionInternal.TryOpenConnectionInternal(DbConnection outerConnection, DbConnectionFactory connectionFactory, TaskCompletionSource`1 retry, DbConnectionOptions userOptions)
   at System.Data.SqlClient.SqlConnection.TryOpenInner(TaskCompletionSource`1 retry)
   at System.Data.SqlClient.SqlConnection.TryOpen(TaskCompletionSource`1 retry)
   at System.Data.SqlClient.SqlConnection.Open()
   at CenturyRayonSchool.Model.NewsEventsModel.GetNewsList() in D:\NIRANJAN\Schools\Century School\CenturyRayonWebsite(Backup)\CenturyRayonWebsite\CenturyRayonSchool\Model\NewsEventsModel.cs:line 107
ClientConnectionId:89b8cfc2-5fd7-4ce7-bd00-ab1ec79f580a
Error Number:15350,State:1,Class:14
2026-01-01 12:54:40,507 ERROR ErrorsLog - EventModel.GetUpCommingEventList
System.Data.SqlClient.SqlException (0x80131904): An attempt to attach an auto-named database for file C:\Users\naikw\OneDrive\Desktop\Century Rayon\CenturySchool_X_SCANiD-master\CenturySchool_X_SCANiD-master\CenturyRayonSchool\App_Data\CenturyRayonDB.mdf failed. A database with the same name exists, or specified file cannot be opened, or it is located on UNC share.
   at System.Data.ProviderBase.DbConnectionPool.TryGetConnection(DbConnection owningObject, UInt32 waitForMultipleObjectsTimeout, Boolean allowCreate, Boolean onlyOneCheckConnection, DbConnectionOptions userOptions, DbConnectionInternal& connection)
   at System.Data.ProviderBase.DbConnectionPool.TryGetConnection(DbConnection owningObject, TaskCompletionSource`1 retry, DbConnectionOptions userOptions, DbConnectionInternal& connection)
   at System.Data.ProviderBase.DbConnectionFactory.TryGetConnection(DbConnection owningConnection, TaskCompletionSource`1 retry, DbConnectionOptions userOptions, DbConnectionInternal oldConnection, DbConnectionInternal& connection)
   at System.Data.ProviderBase.DbConnectionInternal.TryOpenConnectionInternal(DbConnection outerConnection, DbConnectionFactory connectionFactory, TaskCompletionSource`1 retry, DbConnectionOptions userOptions)
   at System.Data.SqlClient.SqlConnection.TryOpenInner(TaskCompletionSource`1 retry)
   at System.Data.SqlClient.SqlConnection.TryOpen(TaskCompletionSource`1 retry)
   at System.Data.SqlClient.SqlConnection.Open()
   at CenturyRayonSchool.EventModel.GetUpCommingEventList() in D:\NIRANJAN\Schools\Century School\CenturyRayonWebsite(Backup)\CenturyRayonWebsite\CenturyRayonSchool\EventModel.cs:line 161
ClientConnectionId:89b8cfc2-5fd7-4ce7-bd00-ab1ec79f580a
Error Number:15350,State:1,Class:14
2026-01-01 12:54:40,509 ERROR ErrorsLog - IndexPageModel.getTodayBirthday
System.Data.SqlClient.SqlException (0x80131904): An attempt to attach an auto-named database for file C:\Users\naikw\OneDrive\Desktop\Century Rayon\CenturySchool_X_SCANiD-master\CenturySchool_X_SCANiD-master\CenturyRayonSchool\App_Data\CenturyRayonDB.mdf failed. A database with the same name exists, or specified file cannot be opened, or it is located on UNC share.
   at System.Data.ProviderBase.DbConnectionPool.TryGetConnection(DbConnection owningObject, UInt32 waitForMultipleObjectsTimeout, Boolean allowCreate, Boolean onlyOneCheckConnection, DbConnectionOptions userOptions, DbConnectionInternal& connection)
   at System.Data.ProviderBase.DbConnectionPool.TryGetConnection(DbConnection owningObject, TaskCompletionSource`1 retry, DbConnectionOptions userOptions, DbConnectionInternal& connection)
   at System.Data.ProviderBase.DbConnectionFactory.TryGetConnection(DbConnection owningConnection, TaskCompletionSource`1 retry, DbConnectionOptions userOptions, DbConnectionInternal oldConnection, DbConnectionInternal& connection)
   at System.Data.ProviderBase.DbConnectionInternal.TryOpenConnectionInternal(DbConnection outerConnection, DbConnectionFactory connectionFactory, TaskCompletionSource`1 retry, DbConnectionOptions userOptions)
   at System.Data.SqlClient.SqlConnection.TryOpenInner(TaskCompletionSource`1 retry)
   at System.Data.SqlClient.SqlConnection.TryOpen(TaskCompletionSource`1 retry)
   at System.Data.SqlClient.SqlConnection.Open()
   at CenturyRayonSchool.Model.IndexPageModel.getTodayBirthday() in D:\NIRANJAN\Schools\Century School\CenturyRayonWebsite(Backup)\CenturyRayonWebsite\CenturyRayonSchool\Model\IndexPageModel.cs:line 19
ClientConnectionId:89b8cfc2-5fd7-4ce7-bd00-ab1ec79f580a
Error Number:15350,State:1,Class:14
